<?xml version="1.0" encoding="UTF-8"?>
<!-- Generated by org.testng.reporters.JUnitXMLReporter -->
<testsuite hostname="Lenovo" ignored="0" name="Test" tests="6" failures="1" timestamp="18 Aug 2018 14:38:35 GMT" time="10.462" errors="0">
  <testcase name="verifyResponseUsingTheCodeDE" time="3.617" classname="HelloFresh.RestApi$CountriesSearchTests"/>
  <testcase name="verifyResponseUsingTheCodeGB" time="0.783" classname="HelloFresh.RestApi$CountriesSearchTests"/>
  <testcase name="verifyResponseUsingTheCodeUS" time="1.143" classname="HelloFresh.RestApi$CountriesSearchTests"/>
  <testcase name="VerifyISOCodesInResponse" time="1.3" classname="HelloFresh.RestApi"/>
  <testcase name="verifyResponseUsingNonExistantCode" time="1.227" classname="HelloFresh.RestApi"/>
  <testcase name="verifyResponseUsingPOST" time="2.347" classname="HelloFresh.RestApi">
    <failure type="java.lang.AssertionError" message="1 expectation failed.
JSON path RestResponse.messages doesn&amp;apos;t match.
Expected: iterable containing [&amp;quot;Country found matching code [XY].&amp;quot;]
  Actual: [No matching country found for requested code [XY].]
">
      <![CDATA[java.lang.AssertionError: 1 expectation failed.
JSON path RestResponse.messages doesn't match.
Expected: iterable containing ["Country found matching code [XY]."]
  Actual: [No matching country found for requested code [XY].]

at org.codehaus.groovy.runtime.callsite.ConstructorSite$ConstructorSiteNoUnwrap.callConstructor(ConstructorSite.java:84)
at org.codehaus.groovy.runtime.callsite.CallSiteArray.defaultCallConstructor(CallSiteArray.java:60)
at org.codehaus.groovy.runtime.callsite.AbstractCallSite.callConstructor(AbstractCallSite.java:235)
at org.codehaus.groovy.runtime.callsite.AbstractCallSite.callConstructor(AbstractCallSite.java:247)
at io.restassured.internal.ResponseSpecificationImpl$HamcrestAssertionClosure.validate(ResponseSpecificationImpl.groovy:483)
at io.restassured.internal.ResponseSpecificationImpl$HamcrestAssertionClosure$validate$1.call(Unknown Source)
at io.restassured.internal.ResponseSpecificationImpl.validateResponseIfRequired(ResponseSpecificationImpl.groovy:655)
at org.codehaus.groovy.runtime.callsite.PogoMetaMethodSite$PogoCachedMethodSiteNoUnwrapNoCoerce.invoke(PogoMetaMethodSite.java:210)
at org.codehaus.groovy.runtime.callsite.PogoMetaMethodSite.callCurrent(PogoMetaMethodSite.java:59)
at org.codehaus.groovy.runtime.callsite.AbstractCallSite.callCurrent(AbstractCallSite.java:166)
at io.restassured.internal.ResponseSpecificationImpl.content(ResponseSpecificationImpl.groovy:275)
at io.restassured.specification.ResponseSpecification$content$1.callCurrent(Unknown Source)
at io.restassured.internal.ResponseSpecificationImpl.body(ResponseSpecificationImpl.groovy:258)
at io.restassured.internal.ValidatableResponseOptionsImpl.body(ValidatableResponseOptionsImpl.java:274)
at HelloFresh.RestApi.verifyResponseUsingPOST(RestApi.java:111)
... Removed 34 stack frames]]>
    </failure>
  </testcase> <!-- verifyResponseUsingPOST -->
</testsuite> <!-- Test -->
